<?xml version="1.0" encoding="UTF-8"?>
<testsuite xmlns:xsi="http://www.w3.org/2001/XMLSchema-instance" xsi:noNamespaceSchemaLocation="https://maven.apache.org/surefire/maven-surefire-plugin/xsd/surefire-test-report.xsd" name="com.ensta.rentmanager.ClientServiceTest" time="0.504" tests="3" errors="0" skipped="0" failures="0">
  <properties>
[...]
</properties>
  <testcase name="testCountClients" classname="com.ensta.rentmanager.ClientServiceTest" time="0.501"/>
  <testcase name="testFindByIdClient" classname="com.ensta.rentmanager.ClientServiceTest" time="0.002"/>
  <testcase name="testDeleteClient" classname="com.ensta.rentmanager.ClientServiceTest" time="0.001"/>
</testsuite>